000 (5539120.000.000) 01/18 16:57:40 Job submitted from host: <137.138.55.115:9618?addrs=137.138.55.115-9618+[2001-1458-d00-17--12a]-9618&alias=bigbird23.cern.ch&noUDP&sock=schedd_590833_df83>
...
040 (5539120.000.000) 01/18 17:00:19 Started transferring input files
	Transferring to host: <188.184.163.165:9618?addrs=188.184.163.165-9618+[2001-1458-301-4d--100-9f]-9618&alias=b9s12p6663.cern.ch&noUDP&sock=slot1_36_668685_d311_3093>
...
040 (5539120.000.000) 01/18 17:00:19 Finished transferring input files
...
001 (5539120.000.000) 01/18 17:00:20 Job executing on host: <188.184.163.165:9618?addrs=188.184.163.165-9618+[2001-1458-301-4d--100-9f]-9618&alias=b9s12p6663.cern.ch&noUDP&sock=startd_668642_600e>
...
006 (5539120.000.000) 01/18 17:00:20 Image size of job updated: 6436
	1  -  MemoryUsage of job (MB)
	268  -  ResidentSetSize of job (KB)
...
040 (5539120.000.000) 01/18 17:00:20 Started transferring output files
...
040 (5539120.000.000) 01/18 17:00:20 Finished transferring output files
...
005 (5539120.000.000) 01/18 17:00:20 Job terminated.
	(1) Normal termination (return value 0)
		Usr 0 00:00:00, Sys 0 00:00:00  -  Run Remote Usage
		Usr 0 00:00:00, Sys 0 00:00:00  -  Run Local Usage
		Usr 0 00:00:00, Sys 0 00:00:00  -  Total Remote Usage
		Usr 0 00:00:00, Sys 0 00:00:00  -  Total Local Usage
	53  -  Run Bytes Sent By Job
	103  -  Run Bytes Received By Job
	53  -  Total Bytes Sent By Job
	103  -  Total Bytes Received By Job
	Partitionable Resources :    Usage  Request Allocated 
	   Cpus                 :        0        1         1 
	   Disk (KB)            :       24        2   2985387 
	   Memory (MB)          :        1     2000      2000 

	Job terminated of its own accord at 2024-01-18T16:00:20Z.
...
