000 (5539087.000.000) 01/18 16:36:10 Job submitted from host: <137.138.55.115:9618?addrs=137.138.55.115-9618+[2001-1458-d00-17--12a]-9618&alias=bigbird23.cern.ch&noUDP&sock=schedd_590833_df83>
...
040 (5539087.000.000) 01/18 16:39:50 Started transferring input files
	Transferring to host: <188.184.163.105:9618?addrs=188.184.163.105-9618+[2001-1458-301-4d--100-63]-9618&alias=b9s12p9972.cern.ch&noUDP&sock=slot1_2_221498_20e8_2530>
...
040 (5539087.000.000) 01/18 16:39:50 Finished transferring input files
...
001 (5539087.000.000) 01/18 16:39:51 Job executing on host: <188.184.163.105:9618?addrs=188.184.163.105-9618+[2001-1458-301-4d--100-63]-9618&alias=b9s12p9972.cern.ch&noUDP&sock=startd_221459_0845>
...
006 (5539087.000.000) 01/18 16:39:51 Image size of job updated: 5784
	1  -  MemoryUsage of job (MB)
	148  -  ResidentSetSize of job (KB)
...
040 (5539087.000.000) 01/18 16:39:51 Started transferring output files
...
040 (5539087.000.000) 01/18 16:39:51 Finished transferring output files
...
005 (5539087.000.000) 01/18 16:39:51 Job terminated.
	(1) Normal termination (return value 0)
		Usr 0 00:00:00, Sys 0 00:00:00  -  Run Remote Usage
		Usr 0 00:00:00, Sys 0 00:00:00  -  Run Local Usage
		Usr 0 00:00:00, Sys 0 00:00:00  -  Total Remote Usage
		Usr 0 00:00:00, Sys 0 00:00:00  -  Total Local Usage
	137  -  Run Bytes Sent By Job
	80  -  Run Bytes Received By Job
	137  -  Total Bytes Sent By Job
	80  -  Total Bytes Received By Job
	Partitionable Resources :    Usage  Request Allocated 
	   Cpus                 :        0        1         1 
	   Disk (KB)            :       24        1   2967851 
	   Memory (MB)          :        1     2000      2000 

	Job terminated of its own accord at 2024-01-18T15:39:51Z.
...
