000 (5539082.000.000) 01/18 16:34:01 Job submitted from host: <137.138.55.115:9618?addrs=137.138.55.115-9618+[2001-1458-d00-17--12a]-9618&alias=bigbird23.cern.ch&noUDP&sock=schedd_590833_df83>
...
040 (5539082.000.000) 01/18 16:34:34 Started transferring input files
	Transferring to host: <188.184.163.105:9618?addrs=188.184.163.105-9618+[2001-1458-301-4d--100-63]-9618&alias=b9s12p9972.cern.ch&noUDP&sock=slot1_2_221498_20e8_2526>
...
040 (5539082.000.000) 01/18 16:34:34 Finished transferring input files
...
001 (5539082.000.000) 01/18 16:34:35 Job executing on host: <188.184.163.105:9618?addrs=188.184.163.105-9618+[2001-1458-301-4d--100-63]-9618&alias=b9s12p9972.cern.ch&noUDP&sock=startd_221459_0845>
...
006 (5539082.000.000) 01/18 16:34:35 Image size of job updated: 6372
	1  -  MemoryUsage of job (MB)
	1020  -  ResidentSetSize of job (KB)
...
040 (5539082.000.000) 01/18 16:34:35 Started transferring output files
...
040 (5539082.000.000) 01/18 16:34:35 Finished transferring output files
...
005 (5539082.000.000) 01/18 16:34:35 Job terminated.
	(1) Normal termination (return value 0)
		Usr 0 00:00:00, Sys 0 00:00:00  -  Run Remote Usage
		Usr 0 00:00:00, Sys 0 00:00:00  -  Run Local Usage
		Usr 0 00:00:00, Sys 0 00:00:00  -  Total Remote Usage
		Usr 0 00:00:00, Sys 0 00:00:00  -  Total Local Usage
	56  -  Run Bytes Sent By Job
	87  -  Run Bytes Received By Job
	56  -  Total Bytes Sent By Job
	87  -  Total Bytes Received By Job
	Partitionable Resources :    Usage  Request Allocated 
	   Cpus                 :                 1         1 
	   Disk (KB)            :       17        1   2966191 
	   Memory (MB)          :        1     2000      2000 

	Job terminated of its own accord at 2024-01-18T15:34:35Z.
...
